#
# There is insufficient memory for the Java Runtime Environment to continue.
# Native memory allocation (malloc) failed to allocate 236560 bytes. Error detail: Chunk::new
# Possible reasons:
#   The system is out of physical RAM or swap space
#   This process is running with CompressedOops enabled, and the Java Heap may be blocking the growth of the native heap
# Possible solutions:
#   Reduce memory load on the system
#   Increase physical memory or swap space
#   Check if swap backing store is full
#   Decrease Java heap size (-Xmx/-Xms)
#   Decrease number of Java threads
#   Decrease Java thread stack sizes (-Xss)
#   Set larger code cache with -XX:ReservedCodeCacheSize=
#   JVM is running with Unscaled Compressed Oops mode in which the Java heap is
#     placed in the first 4GB address space. The Java Heap base address is the
#     maximum limit for the native heap growth. Please use -XX:HeapBaseMinAddress
#     to set the Java Heap base and to place the Java Heap above 4GB virtual address.
# This output file may be truncated or incomplete.
#
#  Out of Memory Error (arena.cpp:168), pid=18032, tid=20016
#
# JRE version: OpenJDK Runtime Environment Temurin-21.0.8+9 (21.0.8+9) (build 21.0.8+9-LTS)
# Java VM: OpenJDK 64-Bit Server VM Temurin-21.0.8+9 (21.0.8+9-LTS, mixed mode, sharing, tiered, compressed oops, compressed class ptrs, parallel gc, windows-amd64)
# No core dump will be written. Minidumps are not enabled by default on client versions of Windows
#

---------------  S U M M A R Y ------------

Command Line: --add-modules=ALL-SYSTEM --add-opens=java.base/java.util=ALL-UNNAMED --add-opens=java.base/java.lang=ALL-UNNAMED --add-opens=java.base/sun.nio.fs=ALL-UNNAMED -Declipse.application=org.eclipse.jdt.ls.core.id1 -Dosgi.bundles.defaultStartLevel=4 -Declipse.product=org.eclipse.jdt.ls.core.product -Djava.import.generatesMetadataFilesAtProjectRoot=false -DDetectVMInstallationsJob.disabled=true -Dfile.encoding=utf8 -XX:+UseParallelGC -XX:GCTimeRatio=4 -XX:AdaptiveSizePolicyWeight=90 -Dsun.zip.disableMemoryMapping=true -Xmx2G -Xms100m -Xlog:disable -javaagent:c:\Users\gigabyte\.vscode\extensions\redhat.java-1.44.0-win32-x64\lombok\lombok-1.18.39-4050.jar -XX:+HeapDumpOnOutOfMemoryError -XX:HeapDumpPath=c:\Users\gigabyte\AppData\Roaming\Code\User\workspaceStorage\f5766166a7b404fd7bf776d44b041611\redhat.java -Daether.dependencyCollector.impl=bf c:\Users\gigabyte\.vscode\extensions\redhat.java-1.44.0-win32-x64\server\plugins\org.eclipse.equinox.launcher_1.7.0.v20250519-0528.jar -configuration c:\Users\gigabyte\AppData\Roaming\Code\User\globalStorage\redhat.java\1.44.0\config_win -data c:\Users\gigabyte\AppData\Roaming\Code\User\workspaceStorage\f5766166a7b404fd7bf776d44b041611\redhat.java\jdt_ws --pipe=\\.\pipe\lsp-c731c8286060547776183fc40bb30158-sock

Host: 12th Gen Intel(R) Core(TM) i5-12450H, 12 cores, 15G,  Windows 11 , 64 bit Build 22621 (10.0.22621.5415)
Time: Sun Aug 24 16:21:45 2025 SE Asia Standard Time elapsed time: 2.186901 seconds (0d 0h 0m 2s)

---------------  T H R E A D  ---------------

Current thread (0x000002089aac5470):  JavaThread "C2 CompilerThread0" daemon [_thread_in_native, id=20016, stack(0x00000054a3100000,0x00000054a3200000) (1024K)]


Current CompileTask:
C2:2186 2008       4       java.util.zip.ZipFile::getZipEntry (322 bytes)

Stack: [0x00000054a3100000,0x00000054a3200000]
Native frames: (J=compiled Java code, j=interpreted, Vv=VM code, C=native code)
V  [jvm.dll+0x6d2449]
V  [jvm.dll+0x8ae341]
V  [jvm.dll+0x8b08be]
V  [jvm.dll+0x8b0fa3]
V  [jvm.dll+0x280c96]
V  [jvm.dll+0xc581d]
V  [jvm.dll+0xc5d53]
V  [jvm.dll+0x3b919c]
V  [jvm.dll+0x385315]
V  [jvm.dll+0x38477a]
V  [jvm.dll+0x248ed0]
V  [jvm.dll+0x2484af]
V  [jvm.dll+0x1c89ee]
V  [jvm.dll+0x257d4d]
V  [jvm.dll+0x2562ea]
V  [jvm.dll+0x3f2d16]
V  [jvm.dll+0x857e6b]
V  [jvm.dll+0x6d0b0d]
C  [ucrtbase.dll+0x29333]
C  [KERNEL32.DLL+0x1259d]
C  [ntdll.dll+0x5af78]


---------------  P R O C E S S  ---------------

Threads class SMR info:
_java_thread_list=0x00000208f4efa3b0, length=15, elements={
0x000002089aa13770, 0x000002089aab91a0, 0x000002089aab9ef0, 0x000002089aabb490,
0x000002089aabc750, 0x000002089aabe510, 0x000002089aac4640, 0x000002089aac5470,
0x000002089aac6050, 0x00000208f389ee80, 0x00000208f3aeb480, 0x00000208f4bfe6f0,
0x00000208f4b76780, 0x00000208f48d93d0, 0x00000208f4e6eff0
}

Java Threads: ( => current thread )
  0x000002089aa13770 JavaThread "main"                              [_thread_blocked, id=20220, stack(0x00000054a2700000,0x00000054a2800000) (1024K)]
  0x000002089aab91a0 JavaThread "Reference Handler"          daemon [_thread_blocked, id=19784, stack(0x00000054a2b00000,0x00000054a2c00000) (1024K)]
  0x000002089aab9ef0 JavaThread "Finalizer"                  daemon [_thread_blocked, id=5188, stack(0x00000054a2c00000,0x00000054a2d00000) (1024K)]
  0x000002089aabb490 JavaThread "Signal Dispatcher"          daemon [_thread_blocked, id=6496, stack(0x00000054a2d00000,0x00000054a2e00000) (1024K)]
  0x000002089aabc750 JavaThread "Attach Listener"            daemon [_thread_blocked, id=20736, stack(0x00000054a2e00000,0x00000054a2f00000) (1024K)]
  0x000002089aabe510 JavaThread "Service Thread"             daemon [_thread_blocked, id=8528, stack(0x00000054a2f00000,0x00000054a3000000) (1024K)]
  0x000002089aac4640 JavaThread "Monitor Deflation Thread"   daemon [_thread_blocked, id=20920, stack(0x00000054a3000000,0x00000054a3100000) (1024K)]
=>0x000002089aac5470 JavaThread "C2 CompilerThread0"         daemon [_thread_in_native, id=20016, stack(0x00000054a3100000,0x00000054a3200000) (1024K)]
  0x000002089aac6050 JavaThread "C1 CompilerThread0"         daemon [_thread_blocked, id=4976, stack(0x00000054a3200000,0x00000054a3300000) (1024K)]
  0x00000208f389ee80 JavaThread "Common-Cleaner"             daemon [_thread_blocked, id=17620, stack(0x00000054a3300000,0x00000054a3400000) (1024K)]
  0x00000208f3aeb480 JavaThread "Notification Thread"        daemon [_thread_blocked, id=26956, stack(0x00000054a3400000,0x00000054a3500000) (1024K)]
  0x00000208f4bfe6f0 JavaThread "Active Thread: Equinox Container: 33113424-eeb0-4044-80c9-b8cc92659b58"        [_thread_blocked, id=27108, stack(0x00000054a3c00000,0x00000054a3d00000) (1024K)]
  0x00000208f4b76780 JavaThread "Refresh Thread: Equinox Container: 33113424-eeb0-4044-80c9-b8cc92659b58" daemon [_thread_blocked, id=27268, stack(0x00000054a3e00000,0x00000054a3f00000) (1024K)]
  0x00000208f48d93d0 JavaThread "Framework Event Dispatcher: Equinox Container: 33113424-eeb0-4044-80c9-b8cc92659b58" daemon [_thread_blocked, id=27316, stack(0x00000054a3f00000,0x00000054a4000000) (1024K)]
  0x00000208f4e6eff0 JavaThread "Start Level: Equinox Container: 33113424-eeb0-4044-80c9-b8cc92659b58" daemon [_thread_in_native, id=27336, stack(0x00000054a4000000,0x00000054a4100000) (1024K)]
Total: 15

Other Threads:
  0x000002089aab49d0 VMThread "VM Thread"                           [id=12200, stack(0x00000054a2a00000,0x00000054a2b00000) (1024K)]
  0x000002089a89ca00 WatcherThread "VM Periodic Task Thread"        [id=23192, stack(0x00000054a2900000,0x00000054a2a00000) (1024K)]
  0x000002089aa31ae0 WorkerThread "GC Thread#0"                     [id=2184, stack(0x00000054a2800000,0x00000054a2900000) (1024K)]
  0x00000208f48cb7b0 WorkerThread "GC Thread#1"                     [id=27036, stack(0x00000054a3600000,0x00000054a3700000) (1024K)]
  0x00000208f48cbb50 WorkerThread "GC Thread#2"                     [id=27040, stack(0x00000054a3700000,0x00000054a3800000) (1024K)]
  0x00000208f4db9120 WorkerThread "GC Thread#3"                     [id=27044, stack(0x00000054a3800000,0x00000054a3900000) (1024K)]
  0x00000208f4db94c0 WorkerThread "GC Thread#4"                     [id=27048, stack(0x00000054a3900000,0x00000054a3a00000) (1024K)]
  0x00000208f4a69510 WorkerThread "GC Thread#5"                     [id=27052, stack(0x00000054a3a00000,0x00000054a3b00000) (1024K)]
  0x00000208f4a698b0 WorkerThread "GC Thread#6"                     [id=27056, stack(0x00000054a3b00000,0x00000054a3c00000) (1024K)]
  0x00000208f92474d0 WorkerThread "GC Thread#7"                     [id=27256, stack(0x00000054a3d00000,0x00000054a3e00000) (1024K)]
Total: 10

Threads with active compile tasks:
C2 CompilerThread0  2462 2008       4       java.util.zip.ZipFile::getZipEntry (322 bytes)
Total: 1

VM state: not at safepoint (normal execution)

VM Mutex/Monitor currently owned by a thread: None

Heap address: 0x0000000080000000, size: 2048 MB, Compressed Oops mode: 32-bit

CDS archive(s) mapped at: [0x00000208b2000000-0x00000208b2ba0000-0x00000208b2ba0000), size 12189696, SharedBaseAddress: 0x00000208b2000000, ArchiveRelocationMode: 1.
Compressed class space mapped at: 0x00000208b3000000-0x00000208f3000000, reserved size: 1073741824
Narrow klass base: 0x00000208b2000000, Narrow klass shift: 0, Narrow klass range: 0x100000000

GC Precious Log:
 CardTable entry size: 512
 CPUs: 12 total, 12 available
 Memory: 16104M
 Large Page Support: Disabled
 NUMA Support: Disabled
 Compressed Oops: Enabled (32-bit)
 Alignments: Space 512K, Generation 512K, Heap 2M
 Heap Min Capacity: 100M
 Heap Initial Capacity: 100M
 Heap Max Capacity: 2G
 Pre-touch: Disabled
 Parallel Workers: 10

Heap:
 PSYoungGen      total 29696K, used 22893K [0x00000000d5580000, 0x00000000d7680000, 0x0000000100000000)
  eden space 25600K, 73% used [0x00000000d5580000,0x00000000d67e1f58,0x00000000d6e80000)
  from space 4096K, 99% used [0x00000000d7280000,0x00000000d7679520,0x00000000d7680000)
  to   space 4096K, 0% used [0x00000000d6e80000,0x00000000d6e80000,0x00000000d7280000)
 ParOldGen       total 68608K, used 1775K [0x0000000080000000, 0x0000000084300000, 0x00000000d5580000)
  object space 68608K, 2% used [0x0000000080000000,0x00000000801bbf18,0x0000000084300000)
 Metaspace       used 9281K, committed 9600K, reserved 1114112K
  class space    used 995K, committed 1152K, reserved 1048576K

Card table byte_map: [0x000002089a3b0000,0x000002089a7c0000] _byte_map_base: 0x0000020899fb0000

Marking Bits: (ParMarkBitMap*) 0x00007ffb2422a340
 Begin Bits: [0x00000208aceb0000, 0x00000208aeeb0000)
 End Bits:   [0x00000208aeeb0000, 0x00000208b0eb0000)

Polling page: 0x0000020898660000

Metaspace:

Usage:
  Non-class:      8.09 MB used.
      Class:    995.15 KB used.
       Both:      9.06 MB used.

Virtual space:
  Non-class space:       64.00 MB reserved,       8.25 MB ( 13%) committed,  1 nodes.
      Class space:        1.00 GB reserved,       1.12 MB ( <1%) committed,  1 nodes.
             Both:        1.06 GB reserved,       9.38 MB ( <1%) committed. 

Chunk freelists:
   Non-Class:  6.89 MB
       Class:  14.79 MB
        Both:  21.68 MB

MaxMetaspaceSize: unlimited
CompressedClassSpaceSize: 1.00 GB
Initial GC threshold: 21.00 MB
Current GC threshold: 21.00 MB
CDS: on
 - commit_granule_bytes: 65536.
 - commit_granule_words: 8192.
 - virtual_space_node_default_size: 8388608.
 - enlarge_chunks_in_place: 1.
 - use_allocation_guard: 0.


Internal statistics:

num_allocs_failed_limit: 0.
num_arena_births: 254.
num_arena_deaths: 0.
num_vsnodes_births: 2.
num_vsnodes_deaths: 0.
num_space_committed: 150.
num_space_uncommitted: 0.
num_chunks_returned_to_freelist: 0.
num_chunks_taken_from_freelist: 501.
num_chunk_merges: 0.
num_chunk_splits: 316.
num_chunks_enlarged: 209.
num_inconsistent_stats: 0.

CodeHeap 'non-profiled nmethods': size=120000Kb used=896Kb max_used=896Kb free=119103Kb
 bounds [0x00000208a56d0000, 0x00000208a5940000, 0x00000208acc00000]
CodeHeap 'profiled nmethods': size=120000Kb used=3840Kb max_used=3840Kb free=116159Kb
 bounds [0x000002089dc00000, 0x000002089dfd0000, 0x00000208a5130000]
CodeHeap 'non-nmethods': size=5760Kb used=1231Kb max_used=1250Kb free=4528Kb
 bounds [0x00000208a5130000, 0x00000208a53a0000, 0x00000208a56d0000]
CodeCache: size=245760Kb, used=5967Kb, max_used=5986Kb, free=239790Kb
 total_blobs=2551, nmethods=2057, adapters=400, full_count=0
Compilation: enabled, stopped_count=0, restarted_count=0

Compilation events (20 events):
Event: 2.177 Thread 0x000002089aac6050 nmethod 2014 0x00000208a57a7390 code [0x00000208a57a7520, 0x00000208a57a75e8]
Event: 2.177 Thread 0x000002089aac6050 2015       3       java.util.stream.StreamSupport::stream (19 bytes)
Event: 2.178 Thread 0x000002089aac6050 nmethod 2015 0x000002089dfa7410 code [0x000002089dfa7600, 0x000002089dfa7a30]
Event: 2.178 Thread 0x000002089aac6050 2016       3       java.util.stream.ReferencePipeline$Head::<init> (8 bytes)
Event: 2.178 Thread 0x000002089aac6050 nmethod 2016 0x000002089dfa7c10 code [0x000002089dfa7dc0, 0x000002089dfa7f58]
Event: 2.178 Thread 0x000002089aac6050 2017       3       java.util.concurrent.locks.ReentrantLock::<init> (16 bytes)
Event: 2.178 Thread 0x000002089aac6050 nmethod 2017 0x000002089dfa8010 code [0x000002089dfa81e0, 0x000002089dfa85a0]
Event: 2.178 Thread 0x000002089aac6050 2018       3       java.util.concurrent.locks.ReentrantLock$NonfairSync::<init> (5 bytes)
Event: 2.178 Thread 0x000002089aac6050 nmethod 2018 0x000002089dfa8710 code [0x000002089dfa88c0, 0x000002089dfa8b40]
Event: 2.180 Thread 0x000002089aac6050 2020       3       org.eclipse.osgi.util.ManifestElement::readLine (122 bytes)
Event: 2.181 Thread 0x000002089aac6050 nmethod 2020 0x000002089dfa8c90 code [0x000002089dfa8f60, 0x000002089dfa9fb8]
Event: 2.181 Thread 0x00000208f4a6e1b0 nmethod 2009 0x00000208a57a7a90 code [0x00000208a57a7c60, 0x00000208a57a8380]
Event: 2.181 Thread 0x00000208f4a6e1b0 2011       4       java.util.zip.ZipEntry::<init> (84 bytes)
Event: 2.181 Thread 0x000002089aac6050 2024       3       java.lang.invoke.DirectMethodHandle$Holder::newInvokeSpecial (21 bytes)
Event: 2.182 Thread 0x000002089aac6050 nmethod 2024 0x000002089dfaa390 code [0x000002089dfaa580, 0x000002089dfaad00]
Event: 2.182 Thread 0x00000208f4a6e1b0 nmethod 2011 0x00000208a57a8790 code [0x00000208a57a8920, 0x00000208a57a8a58]
Event: 2.182 Thread 0x00000208f4a6e1b0 2012       4       java.util.zip.ZipFile$ZipEntryIterator::hasMoreElements (5 bytes)
Event: 2.182 Thread 0x00000208f4a6e1b0 nmethod 2012 0x00000208a57a8b90 code [0x00000208a57a8d20, 0x00000208a57a8dc0]
Event: 2.183 Thread 0x00000208f4a6e1b0 2010       4       java.util.zip.ZipCoder$UTF8ZipCoder::toString (12 bytes)
Event: 2.185 Thread 0x000002089aac6050 2025   !   3       org.eclipse.osgi.storage.bundlefile.CloseableBundleFile::lockOpen (113 bytes)

GC Heap History (4 events):
Event: 0.962 GC heap before
{Heap before GC invocations=1 (full 0):
 PSYoungGen      total 29696K, used 25600K [0x00000000d5580000, 0x00000000d7680000, 0x0000000100000000)
  eden space 25600K, 100% used [0x00000000d5580000,0x00000000d6e80000,0x00000000d6e80000)
  from space 4096K, 0% used [0x00000000d7280000,0x00000000d7280000,0x00000000d7680000)
  to   space 4096K, 0% used [0x00000000d6e80000,0x00000000d6e80000,0x00000000d7280000)
 ParOldGen       total 68608K, used 0K [0x0000000080000000, 0x0000000084300000, 0x00000000d5580000)
  object space 68608K, 0% used [0x0000000080000000,0x0000000080000000,0x0000000084300000)
 Metaspace       used 4294K, committed 4544K, reserved 1114112K
  class space    used 469K, committed 576K, reserved 1048576K
}
Event: 0.967 GC heap after
{Heap after GC invocations=1 (full 0):
 PSYoungGen      total 29696K, used 3302K [0x00000000d5580000, 0x00000000d7680000, 0x0000000100000000)
  eden space 25600K, 0% used [0x00000000d5580000,0x00000000d5580000,0x00000000d6e80000)
  from space 4096K, 80% used [0x00000000d6e80000,0x00000000d71b9bb8,0x00000000d7280000)
  to   space 4096K, 0% used [0x00000000d7280000,0x00000000d7280000,0x00000000d7680000)
 ParOldGen       total 68608K, used 16K [0x0000000080000000, 0x0000000084300000, 0x00000000d5580000)
  object space 68608K, 0% used [0x0000000080000000,0x0000000080004000,0x0000000084300000)
 Metaspace       used 4294K, committed 4544K, reserved 1114112K
  class space    used 469K, committed 576K, reserved 1048576K
}
Event: 1.910 GC heap before
{Heap before GC invocations=2 (full 0):
 PSYoungGen      total 29696K, used 28902K [0x00000000d5580000, 0x00000000d7680000, 0x0000000100000000)
  eden space 25600K, 100% used [0x00000000d5580000,0x00000000d6e80000,0x00000000d6e80000)
  from space 4096K, 80% used [0x00000000d6e80000,0x00000000d71b9bb8,0x00000000d7280000)
  to   space 4096K, 0% used [0x00000000d7280000,0x00000000d7280000,0x00000000d7680000)
 ParOldGen       total 68608K, used 16K [0x0000000080000000, 0x0000000084300000, 0x00000000d5580000)
  object space 68608K, 0% used [0x0000000080000000,0x0000000080004000,0x0000000084300000)
 Metaspace       used 7996K, committed 8320K, reserved 1114112K
  class space    used 831K, committed 960K, reserved 1048576K
}
Event: 1.915 GC heap after
{Heap after GC invocations=2 (full 0):
 PSYoungGen      total 29696K, used 4069K [0x00000000d5580000, 0x00000000d7680000, 0x0000000100000000)
  eden space 25600K, 0% used [0x00000000d5580000,0x00000000d5580000,0x00000000d6e80000)
  from space 4096K, 99% used [0x00000000d7280000,0x00000000d7679520,0x00000000d7680000)
  to   space 4096K, 0% used [0x00000000d6e80000,0x00000000d6e80000,0x00000000d7280000)
 ParOldGen       total 68608K, used 1775K [0x0000000080000000, 0x0000000084300000, 0x00000000d5580000)
  object space 68608K, 2% used [0x0000000080000000,0x00000000801bbf18,0x0000000084300000)
 Metaspace       used 7996K, committed 8320K, reserved 1114112K
  class space    used 831K, committed 960K, reserved 1048576K
}

Dll operation events (9 events):
Event: 0.036 Loaded shared library c:\Users\gigabyte\.vscode\extensions\redhat.java-1.44.0-win32-x64\jre\21.0.8-win32-x86_64\bin\java.dll
Event: 0.133 Loaded shared library c:\Users\gigabyte\.vscode\extensions\redhat.java-1.44.0-win32-x64\jre\21.0.8-win32-x86_64\bin\zip.dll
Event: 0.157 Loaded shared library C:\Users\gigabyte\.vscode\extensions\redhat.java-1.44.0-win32-x64\jre\21.0.8-win32-x86_64\bin\instrument.dll
Event: 0.164 Loaded shared library C:\Users\gigabyte\.vscode\extensions\redhat.java-1.44.0-win32-x64\jre\21.0.8-win32-x86_64\bin\net.dll
Event: 0.175 Loaded shared library C:\Users\gigabyte\.vscode\extensions\redhat.java-1.44.0-win32-x64\jre\21.0.8-win32-x86_64\bin\nio.dll
Event: 0.179 Loaded shared library C:\Users\gigabyte\.vscode\extensions\redhat.java-1.44.0-win32-x64\jre\21.0.8-win32-x86_64\bin\zip.dll
Event: 0.203 Loaded shared library C:\Users\gigabyte\.vscode\extensions\redhat.java-1.44.0-win32-x64\jre\21.0.8-win32-x86_64\bin\jimage.dll
Event: 0.298 Loaded shared library c:\Users\gigabyte\.vscode\extensions\redhat.java-1.44.0-win32-x64\jre\21.0.8-win32-x86_64\bin\verify.dll
Event: 1.946 Loaded shared library C:\Users\gigabyte\AppData\Roaming\Code\User\globalStorage\redhat.java\1.44.0\config_win\org.eclipse.equinox.launcher\org.eclipse.equinox.launcher.win32.win32.x86_64_1.2.1400.v20250730-1736\eclipse_11913.dll

Deoptimization events (20 events):
Event: 2.026 Thread 0x00000208f4e6eff0 Uncommon trap: trap_request=0xffffff45 fr.pc=0x00000208a574e794 relative=0x0000000000000074
Event: 2.026 Thread 0x00000208f4e6eff0 Uncommon trap: reason=unstable_if action=reinterpret pc=0x00000208a574e794 method=java.io.BufferedInputStream.getBufIfOpen(Z)[B @ 13 c2
Event: 2.026 Thread 0x00000208f4e6eff0 DEOPT PACKING pc=0x00000208a574e794 sp=0x00000054a40fdca0
Event: 2.026 Thread 0x00000208f4e6eff0 DEOPT UNPACKING pc=0x00000208a5183aa2 sp=0x00000054a40fdbc8 mode 2
Event: 2.027 Thread 0x00000208f4e6eff0 Uncommon trap: trap_request=0xffffff45 fr.pc=0x00000208a57878a4 relative=0x0000000000000d64
Event: 2.027 Thread 0x00000208f4e6eff0 Uncommon trap: reason=unstable_if action=reinterpret pc=0x00000208a57878a4 method=java.lang.String.<init>(Ljava/nio/charset/Charset;[BII)V @ 6 c2
Event: 2.027 Thread 0x00000208f4e6eff0 DEOPT PACKING pc=0x00000208a57878a4 sp=0x00000054a40fdc00
Event: 2.027 Thread 0x00000208f4e6eff0 DEOPT UNPACKING pc=0x00000208a5183aa2 sp=0x00000054a40fdbc0 mode 2
Event: 2.048 Thread 0x00000208f4e6eff0 Uncommon trap: trap_request=0xffffff45 fr.pc=0x00000208a574e4b4 relative=0x0000000000000094
Event: 2.048 Thread 0x00000208f4e6eff0 Uncommon trap: reason=unstable_if action=reinterpret pc=0x00000208a574e4b4 method=java.io.BufferedInputStream.getBufIfOpen(Z)[B @ 13 c2
Event: 2.048 Thread 0x00000208f4e6eff0 DEOPT PACKING pc=0x00000208a574e4b4 sp=0x00000054a40fdb40
Event: 2.048 Thread 0x00000208f4e6eff0 DEOPT UNPACKING pc=0x00000208a5183aa2 sp=0x00000054a40fdad0 mode 2
Event: 2.153 Thread 0x00000208f4e6eff0 Uncommon trap: trap_request=0xffffff45 fr.pc=0x00000208a570b2f4 relative=0x0000000000000054
Event: 2.154 Thread 0x00000208f4e6eff0 Uncommon trap: reason=unstable_if action=reinterpret pc=0x00000208a570b2f4 method=java.lang.CharacterData.of(I)Ljava/lang/CharacterData; @ 4 c2
Event: 2.154 Thread 0x00000208f4e6eff0 DEOPT PACKING pc=0x00000208a570b2f4 sp=0x00000054a40fd640
Event: 2.154 Thread 0x00000208f4e6eff0 DEOPT UNPACKING pc=0x00000208a5183aa2 sp=0x00000054a40fd5d8 mode 2
Event: 2.166 Thread 0x00000208f4e6eff0 Uncommon trap: trap_request=0xffffff45 fr.pc=0x00000208a57a20b0 relative=0x00000000000009d0
Event: 2.166 Thread 0x00000208f4e6eff0 Uncommon trap: reason=unstable_if action=reinterpret pc=0x00000208a57a20b0 method=java.util.concurrent.ConcurrentHashMap.putVal(Ljava/lang/Object;Ljava/lang/Object;Z)Ljava/lang/Object; @ 148 c2
Event: 2.166 Thread 0x00000208f4e6eff0 DEOPT PACKING pc=0x00000208a57a20b0 sp=0x00000054a40fe2f0
Event: 2.166 Thread 0x00000208f4e6eff0 DEOPT UNPACKING pc=0x00000208a5183aa2 sp=0x00000054a40fe260 mode 2

Classes loaded (20 events):
Event: 2.124 Loading class sun/util/logging/resources/logging_en_US
Event: 2.124 Loading class sun/util/logging/resources/logging_en_US done
Event: 2.124 Loading class sun/util/logging/resources/logging_en_US
Event: 2.124 Loading class sun/util/logging/resources/logging_en_US done
Event: 2.131 Loading class java/util/Formatter$DateTime
Event: 2.131 Loading class java/util/Formatter$DateTime done
Event: 2.131 Loading class java/util/Formatter$FixedString
Event: 2.132 Loading class java/util/Formatter$FixedString done
Event: 2.132 Loading class java/time/ZonedDateTime$1
Event: 2.133 Loading class java/time/ZonedDateTime$1 done
Event: 2.137 Loading class jdk/internal/module/ModulePatcher$PatchedModuleReader
Event: 2.137 Loading class jdk/internal/module/ModulePatcher$PatchedModuleReader done
Event: 2.145 Loading class sun/util/resources/LocaleData$CommonResourceBundleProvider
Event: 2.145 Loading class sun/util/resources/LocaleData$LocaleDataResourceBundleProvider
Event: 2.145 Loading class java/util/spi/ResourceBundleProvider
Event: 2.145 Loading class java/util/spi/ResourceBundleProvider done
Event: 2.145 Loading class sun/util/resources/LocaleData$LocaleDataResourceBundleProvider done
Event: 2.145 Loading class sun/util/resources/LocaleData$CommonResourceBundleProvider done
Event: 2.146 Loading class sun/util/resources/Bundles$2
Event: 2.147 Loading class sun/util/resources/Bundles$2 done

Classes unloaded (0 events):
No events

Classes redefined (0 events):
No events

Internal exceptions (20 events):
Event: 0.973 Thread 0x000002089aa13770 Exception <a 'java/lang/ClassNotFoundException'{0x00000000d55aa540}: sun/net/www/protocol/c/Handler> (0x00000000d55aa540) 
thrown [s\src\hotspot\share\classfile\systemDictionary.cpp, line 312]
Event: 0.980 Thread 0x000002089aa13770 Exception <a 'java/io/FileNotFoundException'{0x00000000d55d3078}> (0x00000000d55d3078) 
thrown [s\src\hotspot\share\prims\jni.cpp, line 520]
Event: 1.026 Thread 0x000002089aa13770 Implicit null exception at 0x00000208a5726049 to 0x00000208a57269b4
Event: 1.026 Thread 0x000002089aa13770 Implicit null exception at 0x00000208a5732f9a to 0x00000208a57331a4
Event: 1.027 Thread 0x000002089aa13770 Exception <a 'java/lang/NoSuchMethodError'{0x00000000d57806a8}: 'void java.lang.invoke.DirectMethodHandle$Holder.invokeStatic(java.lang.Object, java.lang.Object, java.lang.Object, java.lang.Object)'> (0x00000000d57806a8) 
thrown [s\src\hotspot\share\interpreter\linkResolver.cpp, line 773]
Event: 1.028 Thread 0x000002089aa13770 Implicit null exception at 0x00000208a5736f1a to 0x00000208a5737124
Event: 1.028 Thread 0x000002089aa13770 Implicit null exception at 0x00000208a5728d3d to 0x00000208a5728dc1
Event: 1.157 Thread 0x000002089aa13770 Exception <a 'java/lang/NoSuchMethodError'{0x00000000d5a1bbb8}: 'void java.lang.invoke.DirectMethodHandle$Holder.invokeSpecial(java.lang.Object, java.lang.Object, java.lang.Object)'> (0x00000000d5a1bbb8) 
thrown [s\src\hotspot\share\interpreter\linkResolver.cpp, line 773]
Event: 1.379 Thread 0x000002089aa13770 Exception <a 'java/lang/NoSuchMethodError'{0x00000000d6436d28}: 'int java.lang.invoke.DirectMethodHandle$Holder.invokeVirtual(java.lang.Object, java.lang.Object)'> (0x00000000d6436d28) 
thrown [s\src\hotspot\share\interpreter\linkResolver.cpp, line 773]
Event: 1.438 Thread 0x000002089aa13770 Exception <a 'java/lang/NoSuchMethodError'{0x00000000d65c11f0}: 'int java.lang.invoke.DirectMethodHandle$Holder.invokeStaticInit(java.lang.Object, java.lang.Object, java.lang.Object, java.lang.Object)'> (0x00000000d65c11f0) 
thrown [s\src\hotspot\share\interpreter\linkResolver.cpp, line 773]
Event: 1.439 Thread 0x000002089aa13770 Exception <a 'java/lang/IncompatibleClassChangeError'{0x00000000d65c9678}: Found class java.lang.Object, but interface was expected> (0x00000000d65c9678) 
thrown [s\src\hotspot\share\interpreter\linkResolver.cpp, line 840]
Event: 1.440 Thread 0x000002089aa13770 Exception <a 'java/lang/NoSuchMethodError'{0x00000000d65d05a8}: 'void java.lang.invoke.DirectMethodHandle$Holder.invokeStaticInit(java.lang.Object, java.lang.Object)'> (0x00000000d65d05a8) 
thrown [s\src\hotspot\share\interpreter\linkResolver.cpp, line 773]
Event: 1.441 Thread 0x000002089aa13770 Exception <a 'java/lang/NoSuchMethodError'{0x00000000d65da0a0}: 'int java.lang.invoke.DirectMethodHandle$Holder.invokeStaticInit(java.lang.Object, java.lang.Object)'> (0x00000000d65da0a0) 
thrown [s\src\hotspot\share\interpreter\linkResolver.cpp, line 773]
Event: 1.498 Thread 0x000002089aa13770 Exception <a 'java/lang/NoSuchMethodError'{0x00000000d684bde0}: 'java.lang.Object java.lang.invoke.DirectMethodHandle$Holder.newInvokeSpecial(java.lang.Object, int, java.lang.Object)'> (0x00000000d684bde0) 
thrown [s\src\hotspot\share\interpreter\linkResolver.cpp, line 773]
Event: 1.554 Thread 0x000002089aa13770 Exception <a 'java/lang/ClassNotFoundException'{0x00000000d6a5b718}: sun/net/www/protocol/plurl/Handler> (0x00000000d6a5b718) 
thrown [s\src\hotspot\share\classfile\systemDictionary.cpp, line 312]
Event: 1.928 Thread 0x000002089aa13770 Exception <a 'java/lang/UnsatisfiedLinkError'{0x00000000d55ec4b8}: 'void org.eclipse.equinox.launcher.JNIBridge._update_splash()'> (0x00000000d55ec4b8) 
thrown [s\src\hotspot\share\prims\nativeLookup.cpp, line 415]
Event: 2.069 Thread 0x00000208f4e6eff0 Exception <a 'java/lang/NoSuchMethodError'{0x00000000d5c415e8}: 'java.lang.Object java.lang.invoke.DirectMethodHandle$Holder.newInvokeSpecial(java.lang.Object, java.lang.Object, int, java.lang.Object)'> (0x00000000d5c415e8) 
thrown [s\src\hotspot\share\interpreter\linkResolver.cpp, line 773]
Event: 2.070 Thread 0x00000208f4e6eff0 Exception <a 'java/lang/NoSuchMethodError'{0x00000000d5c45458}: 'java.lang.Object java.lang.invoke.DirectMethodHandle$Holder.invokeSpecial(java.lang.Object, java.lang.Object, java.lang.Object, int, java.lang.Object)'> (0x00000000d5c45458) 
thrown [s\src\hotspot\share\interpreter\linkResolver.cpp, line 773]
Event: 2.089 Thread 0x00000208f4e6eff0 Exception <a 'java/lang/NoClassDefFoundError'{0x00000000d5ce58d8}: jakarta/servlet/ServletContainerInitializer> (0x00000000d5ce58d8) 
thrown [s\src\hotspot\share\classfile\systemDictionary.cpp, line 301]
Event: 2.120 Thread 0x00000208f4e6eff0 Exception <a 'java/lang/ClassNotFoundException'{0x00000000d5e4a838}: sun/util/logging/resources/spi/loggingProvider> (0x00000000d5e4a838) 
thrown [s\src\hotspot\share\classfile\systemDictionary.cpp, line 312]

ZGC Phase Switch (0 events):
No events

VM Operations (20 events):
Event: 1.473 Executing VM operation: HandshakeAllThreads (Deoptimize)
Event: 1.473 Executing VM operation: HandshakeAllThreads (Deoptimize) done
Event: 1.482 Executing VM operation: HandshakeAllThreads (Deoptimize)
Event: 1.482 Executing VM operation: HandshakeAllThreads (Deoptimize) done
Event: 1.534 Executing VM operation: HandshakeAllThreads (Deoptimize)
Event: 1.534 Executing VM operation: HandshakeAllThreads (Deoptimize) done
Event: 1.547 Executing VM operation: HandshakeAllThreads (Deoptimize)
Event: 1.547 Executing VM operation: HandshakeAllThreads (Deoptimize) done
Event: 1.623 Executing VM operation: ICBufferFull
Event: 1.623 Executing VM operation: ICBufferFull done
Event: 1.910 Executing VM operation: ParallelGCFailedAllocation (Allocation Failure)
Event: 1.915 Executing VM operation: ParallelGCFailedAllocation (Allocation Failure) done
Event: 2.106 Executing VM operation: HandshakeAllThreads (Deoptimize)
Event: 2.107 Executing VM operation: HandshakeAllThreads (Deoptimize) done
Event: 2.137 Executing VM operation: HandshakeAllThreads (Deoptimize)
Event: 2.137 Executing VM operation: HandshakeAllThreads (Deoptimize) done
Event: 2.154 Executing VM operation: HandshakeAllThreads (Deoptimize)
Event: 2.154 Executing VM operation: HandshakeAllThreads (Deoptimize) done
Event: 2.165 Executing VM operation: HandshakeAllThreads (Deoptimize)
Event: 2.165 Executing VM operation: HandshakeAllThreads (Deoptimize) done

Memory protections (0 events):
No events

Nmethod flushes (0 events):
No events

Events (16 events):
Event: 0.057 Thread 0x000002089aa13770 Thread added: 0x000002089aa13770
Event: 0.081 Thread 0x000002089aa13770 Thread added: 0x000002089aab91a0
Event: 0.082 Thread 0x000002089aa13770 Thread added: 0x000002089aab9ef0
Event: 0.082 Thread 0x000002089aa13770 Thread added: 0x000002089aabb490
Event: 0.082 Thread 0x000002089aa13770 Thread added: 0x000002089aabc750
Event: 0.082 Thread 0x000002089aa13770 Thread added: 0x000002089aabe510
Event: 0.082 Thread 0x000002089aa13770 Thread added: 0x000002089aac4640
Event: 0.082 Thread 0x000002089aa13770 Thread added: 0x000002089aac5470
Event: 0.082 Thread 0x000002089aa13770 Thread added: 0x000002089aac6050
Event: 0.112 Thread 0x000002089aa13770 Thread added: 0x00000208f389ee80
Event: 0.425 Thread 0x000002089aa13770 Thread added: 0x00000208f3aeb480
Event: 0.708 Thread 0x000002089aac6050 Thread added: 0x00000208f4a6e1b0
Event: 1.457 Thread 0x000002089aa13770 Thread added: 0x00000208f4bfe6f0
Event: 1.927 Thread 0x000002089aa13770 Thread added: 0x00000208f4b76780
Event: 1.960 Thread 0x00000208f4b76780 Thread added: 0x00000208f48d93d0
Event: 1.968 Thread 0x000002089aa13770 Thread added: 0x00000208f4e6eff0


Dynamic libraries:
0x00007ff7b2110000 - 0x00007ff7b211e000 	c:\Users\gigabyte\.vscode\extensions\redhat.java-1.44.0-win32-x64\jre\21.0.8-win32-x86_64\bin\java.exe
0x00007ffb97d30000 - 0x00007ffb97f47000 	C:\Windows\SYSTEM32\ntdll.dll
0x00007ffb97890000 - 0x00007ffb97954000 	C:\Windows\System32\KERNEL32.DLL
0x00007ffb952f0000 - 0x00007ffb956c2000 	C:\Windows\System32\KERNELBASE.dll
0x00007ffb958a0000 - 0x00007ffb959b1000 	C:\Windows\System32\ucrtbase.dll
0x00007ffb684d0000 - 0x00007ffb684e8000 	c:\Users\gigabyte\.vscode\extensions\redhat.java-1.44.0-win32-x64\jre\21.0.8-win32-x86_64\bin\jli.dll
0x00007ffb97b30000 - 0x00007ffb97ce1000 	C:\Windows\System32\USER32.dll
0x00007ffb95840000 - 0x00007ffb95866000 	C:\Windows\System32\win32u.dll
0x00007ffb97a10000 - 0x00007ffb97a39000 	C:\Windows\System32\GDI32.dll
0x00007ffb94f20000 - 0x00007ffb95043000 	C:\Windows\System32\gdi32full.dll
0x00007ffb95250000 - 0x00007ffb952ea000 	C:\Windows\System32\msvcp_win.dll
0x00007ffb67310000 - 0x00007ffb6732e000 	c:\Users\gigabyte\.vscode\extensions\redhat.java-1.44.0-win32-x64\jre\21.0.8-win32-x86_64\bin\VCRUNTIME140.dll
0x00007ffb69410000 - 0x00007ffb696ab000 	C:\Windows\WinSxS\amd64_microsoft.windows.common-controls_6595b64144ccf1df_6.0.22621.5547_none_27104afb73855772\COMCTL32.dll
0x00007ffb95e90000 - 0x00007ffb95f37000 	C:\Windows\System32\msvcrt.dll
0x00007ffb96410000 - 0x00007ffb96441000 	C:\Windows\System32\IMM32.DLL
0x00007ffb75160000 - 0x00007ffb7516c000 	c:\Users\gigabyte\.vscode\extensions\redhat.java-1.44.0-win32-x64\jre\21.0.8-win32-x86_64\bin\vcruntime140_1.dll
0x00007ffb38ef0000 - 0x00007ffb38f7d000 	c:\Users\gigabyte\.vscode\extensions\redhat.java-1.44.0-win32-x64\jre\21.0.8-win32-x86_64\bin\msvcp140.dll
0x00007ffb23570000 - 0x00007ffb24307000 	c:\Users\gigabyte\.vscode\extensions\redhat.java-1.44.0-win32-x64\jre\21.0.8-win32-x86_64\bin\server\jvm.dll
0x00007ffb960b0000 - 0x00007ffb96161000 	C:\Windows\System32\ADVAPI32.dll
0x00007ffb97960000 - 0x00007ffb97a08000 	C:\Windows\System32\sechost.dll
0x00007ffb95870000 - 0x00007ffb95898000 	C:\Windows\System32\bcrypt.dll
0x00007ffb95c60000 - 0x00007ffb95d74000 	C:\Windows\System32\RPCRT4.dll
0x00007ffb97ab0000 - 0x00007ffb97b21000 	C:\Windows\System32\WS2_32.dll
0x00007ffb93c60000 - 0x00007ffb93cad000 	C:\Windows\SYSTEM32\POWRPROF.dll
0x00007ffb8cbd0000 - 0x00007ffb8cc04000 	C:\Windows\SYSTEM32\WINMM.dll
0x00007ffb877d0000 - 0x00007ffb877da000 	C:\Windows\SYSTEM32\VERSION.dll
0x00007ffb93c40000 - 0x00007ffb93c53000 	C:\Windows\SYSTEM32\UMPDC.dll
0x00007ffb93ea0000 - 0x00007ffb93eb8000 	C:\Windows\SYSTEM32\kernel.appcore.dll
0x00007ffb750e0000 - 0x00007ffb750ea000 	c:\Users\gigabyte\.vscode\extensions\redhat.java-1.44.0-win32-x64\jre\21.0.8-win32-x86_64\bin\jimage.dll
0x00007ffb92850000 - 0x00007ffb92a83000 	C:\Windows\SYSTEM32\DBGHELP.DLL
0x00007ffb974f0000 - 0x00007ffb97883000 	C:\Windows\System32\combase.dll
0x00007ffb95fd0000 - 0x00007ffb960a7000 	C:\Windows\System32\OLEAUT32.dll
0x00007ffb859d0000 - 0x00007ffb85a02000 	C:\Windows\SYSTEM32\dbgcore.DLL
0x00007ffb94e20000 - 0x00007ffb94e9b000 	C:\Windows\System32\bcryptPrimitives.dll
0x00007ffb63220000 - 0x00007ffb6322f000 	c:\Users\gigabyte\.vscode\extensions\redhat.java-1.44.0-win32-x64\jre\21.0.8-win32-x86_64\bin\instrument.dll
0x00007ffb6c720000 - 0x00007ffb6c73f000 	c:\Users\gigabyte\.vscode\extensions\redhat.java-1.44.0-win32-x64\jre\21.0.8-win32-x86_64\bin\java.dll
0x00007ffb96650000 - 0x00007ffb96ef2000 	C:\Windows\System32\SHELL32.dll
0x00007ffb95050000 - 0x00007ffb9518f000 	C:\Windows\System32\wintypes.dll
0x00007ffb92d10000 - 0x00007ffb9362d000 	C:\Windows\SYSTEM32\windows.storage.dll
0x00007ffb959c0000 - 0x00007ffb95acc000 	C:\Windows\System32\SHCORE.dll
0x00007ffb95bf0000 - 0x00007ffb95c59000 	C:\Windows\System32\shlwapi.dll
0x00007ffb94d50000 - 0x00007ffb94d7b000 	C:\Windows\SYSTEM32\profapi.dll
0x00007ffb6c700000 - 0x00007ffb6c718000 	c:\Users\gigabyte\.vscode\extensions\redhat.java-1.44.0-win32-x64\jre\21.0.8-win32-x86_64\bin\zip.dll
0x00007ffb6d1a0000 - 0x00007ffb6d1b0000 	C:\Users\gigabyte\.vscode\extensions\redhat.java-1.44.0-win32-x64\jre\21.0.8-win32-x86_64\bin\net.dll
0x00007ffb8d370000 - 0x00007ffb8d49c000 	C:\Windows\SYSTEM32\WINHTTP.dll
0x00007ffb94380000 - 0x00007ffb943e9000 	C:\Windows\system32\mswsock.dll
0x00007ffb6c6e0000 - 0x00007ffb6c6f6000 	C:\Users\gigabyte\.vscode\extensions\redhat.java-1.44.0-win32-x64\jre\21.0.8-win32-x86_64\bin\nio.dll
0x00007ffb69c80000 - 0x00007ffb69c90000 	c:\Users\gigabyte\.vscode\extensions\redhat.java-1.44.0-win32-x64\jre\21.0.8-win32-x86_64\bin\verify.dll
0x00007ffb41570000 - 0x00007ffb415b5000 	C:\Users\gigabyte\AppData\Roaming\Code\User\globalStorage\redhat.java\1.44.0\config_win\org.eclipse.equinox.launcher\org.eclipse.equinox.launcher.win32.win32.x86_64_1.2.1400.v20250730-1736\eclipse_11913.dll
0x00007ffb96460000 - 0x00007ffb96600000 	C:\Windows\System32\ole32.dll

JVMTI agents:
c:\Users\gigabyte\.vscode\extensions\redhat.java-1.44.0-win32-x64\lombok\lombok-1.18.39-4050.jar path:c:\Users\gigabyte\.vscode\extensions\redhat.java-1.44.0-win32-x64\jre\21.0.8-win32-x86_64\bin\instrument.dll, loaded, initialized, instrumentlib options:none

dbghelp: loaded successfully - version: 4.0.5 - missing functions: none
symbol engine: initialized successfully - sym options: 0x614 - pdb path: .;c:\Users\gigabyte\.vscode\extensions\redhat.java-1.44.0-win32-x64\jre\21.0.8-win32-x86_64\bin;C:\Windows\SYSTEM32;C:\Windows\WinSxS\amd64_microsoft.windows.common-controls_6595b64144ccf1df_6.0.22621.5547_none_27104afb73855772;c:\Users\gigabyte\.vscode\extensions\redhat.java-1.44.0-win32-x64\jre\21.0.8-win32-x86_64\bin\server;C:\Users\gigabyte\AppData\Roaming\Code\User\globalStorage\redhat.java\1.44.0\config_win\org.eclipse.equinox.launcher\org.eclipse.equinox.launcher.win32.win32.x86_64_1.2.1400.v20250730-1736

VM Arguments:
jvm_args: --add-modules=ALL-SYSTEM --add-opens=java.base/java.util=ALL-UNNAMED --add-opens=java.base/java.lang=ALL-UNNAMED --add-opens=java.base/sun.nio.fs=ALL-UNNAMED -Declipse.application=org.eclipse.jdt.ls.core.id1 -Dosgi.bundles.defaultStartLevel=4 -Declipse.product=org.eclipse.jdt.ls.core.product -Djava.import.generatesMetadataFilesAtProjectRoot=false -DDetectVMInstallationsJob.disabled=true -Dfile.encoding=utf8 -XX:+UseParallelGC -XX:GCTimeRatio=4 -XX:AdaptiveSizePolicyWeight=90 -Dsun.zip.disableMemoryMapping=true -Xmx2G -Xms100m -Xlog:disable -javaagent:c:\Users\gigabyte\.vscode\extensions\redhat.java-1.44.0-win32-x64\lombok\lombok-1.18.39-4050.jar -XX:+HeapDumpOnOutOfMemoryError -XX:HeapDumpPath=c:\Users\gigabyte\AppData\Roaming\Code\User\workspaceStorage\f5766166a7b404fd7bf776d44b041611\redhat.java -Daether.dependencyCollector.impl=bf 
java_command: c:\Users\gigabyte\.vscode\extensions\redhat.java-1.44.0-win32-x64\server\plugins\org.eclipse.equinox.launcher_1.7.0.v20250519-0528.jar -configuration c:\Users\gigabyte\AppData\Roaming\Code\User\globalStorage\redhat.java\1.44.0\config_win -data c:\Users\gigabyte\AppData\Roaming\Code\User\workspaceStorage\f5766166a7b404fd7bf776d44b041611\redhat.java\jdt_ws --pipe=\\.\pipe\lsp-c731c8286060547776183fc40bb30158-sock
java_class_path (initial): c:\Users\gigabyte\.vscode\extensions\redhat.java-1.44.0-win32-x64\server\plugins\org.eclipse.equinox.launcher_1.7.0.v20250519-0528.jar
Launcher Type: SUN_STANDARD

[Global flags]
    uintx AdaptiveSizePolicyWeight                 = 90                                        {product} {command line}
     intx CICompilerCount                          = 4                                         {product} {ergonomic}
    uintx GCTimeRatio                              = 4                                         {product} {command line}
     bool HeapDumpOnOutOfMemoryError               = true                                   {manageable} {command line}
    ccstr HeapDumpPath                             = c:\Users\gigabyte\AppData\Roaming\Code\User\workspaceStorage\f5766166a7b404fd7bf776d44b041611\redhat.java         {manageable} {command line}
   size_t InitialHeapSize                          = 104857600                                 {product} {command line}
   size_t MaxHeapSize                              = 2147483648                                {product} {command line}
   size_t MaxNewSize                               = 715653120                                 {product} {ergonomic}
   size_t MinHeapDeltaBytes                        = 524288                                    {product} {ergonomic}
   size_t MinHeapSize                              = 104857600                                 {product} {command line}
   size_t NewSize                                  = 34603008                                  {product} {ergonomic}
    uintx NonNMethodCodeHeapSize                   = 5839372                                {pd product} {ergonomic}
    uintx NonProfiledCodeHeapSize                  = 122909434                              {pd product} {ergonomic}
   size_t OldSize                                  = 70254592                                  {product} {ergonomic}
    uintx ProfiledCodeHeapSize                     = 122909434                              {pd product} {ergonomic}
    uintx ReservedCodeCacheSize                    = 251658240                              {pd product} {ergonomic}
     bool SegmentedCodeCache                       = true                                      {product} {ergonomic}
   size_t SoftMaxHeapSize                          = 2147483648                             {manageable} {ergonomic}
     bool UseCompressedOops                        = true                           {product lp64_product} {ergonomic}
     bool UseLargePagesIndividualAllocation        = false                                  {pd product} {ergonomic}
     bool UseParallelGC                            = true                                      {product} {command line}

Logging:
Log output configuration:
 #0: stdout all=off uptime,level,tags foldmultilines=false
 #1: stderr all=off uptime,level,tags foldmultilines=false

Environment Variables:
JAVA_HOME=C:\Program Files\Java\jdk-21
PATH=C:\Program Files\Microsoft MPI\Bin\;C:\Program Files\Common Files\Oracle\Java\javapath;C:\Program Files (x86)\Common Files\Oracle\Java\java8path;C:\Program Files (x86)\Common Files\Oracle\Java\javapath;C:\Windows\system32;C:\Windows;C:\Windows\System32\Wbem;C:\Windows\System32\WindowsPowerShell\v1.0\;C:\Windows\System32\OpenSSH\;C:\Program Files (x86)\NVIDIA Corporation\PhysX\Common;C:\Program Files\NVIDIA Corporation\NVIDIA NvDLISR;C:\Program Files (x86)\mingw-w64\i686-8.1.0-posix-dwarf-rt_v6-rev0;C:\msys64\mingw64\bin;C:\Program Files\dotnet\;C:\Program Files\Microsoft SQL Server\150\Tools\Binn\;C:\Program Files\Microsoft SQL Server\Client SDK\ODBC\170\Tools\Binn\;C:\Program Files (x86)\Windows Kits\10\Windows Performance Toolkit\;C:\Program Files\Java\jdk-21\bin;C:\Program Files (x86)\Microsoft SQL Server\160\Tools\Binn\;C:\Program Files\Microsoft SQL Server\160\Tools\Binn\;C:\Program Files\Microsoft SQL Server\160\DTS\Binn\;C:\Program Files (x86)\Microsoft SQL Server\160\DTS\Binn\;C:\curl\bin;C:\Program Files\Wireshark;C:\Program Files\Git\cmd;C:\Program Files\nodejs\;C:\Program Files\Docker\Docker\resources\bin;C:\Users\gigabyte\Downloads\gradle-8.12.1-bin\gradle-8.12.1\bin;C:\Program Files\Redis\;C:\Program Files\Redis;C:\Program Files\MySQL\MySQL Server 8.0\bin;C:\Program Files\Java\jdk-21\bin;C:\Windows\System32;C:\Windows;C:\Windows\System32\WindowsPowerShell\v1.0\;C:\Users\gigabyte\Downloads\gradle-8.12.1-bin\gradle-8.12.1\bin;C:\Users\gigabyte\AppData\Local\Programs\Microsoft VS Code\bin;C:\Users\gigabyte\AppData\Roaming\Microsoft\Windows\Start Menu\Programs\Visual Studio Code;C:\Users\gigabyte\AppData\Roaming\npm;
USERNAME=gigabyte
OS=Windows_NT
PROCESSOR_IDENTIFIER=Intel64 Family 6 Model 154 Stepping 3, GenuineIntel
TMP=C:\Users\gigabyte\AppData\Local\Temp
TEMP=C:\Users\gigabyte\AppData\Local\Temp




Periodic native trim disabled

---------------  S Y S T E M  ---------------

OS:
 Windows 11 , 64 bit Build 22621 (10.0.22621.5415)
OS uptime: 3 days 2:03 hours
Hyper-V role detected

CPU: total 12 (initial active 12) (6 cores per cpu, 2 threads per core) family 6 model 154 stepping 3 microcode 0x41e, cx8, cmov, fxsr, ht, mmx, 3dnowpref, sse, sse2, sse3, ssse3, sse4.1, sse4.2, popcnt, lzcnt, tsc, tscinvbit, avx, avx2, aes, erms, clmul, bmi1, bmi2, adx, sha, fma, vzeroupper, clflush, clflushopt, clwb, hv, serialize, rdtscp, rdpid, fsrm, f16c, cet_ibt, cet_ss
Processor Information for processor 0
  Max Mhz: 2000, Current Mhz: 2000, Mhz Limit: 2000
Processor Information for processor 1
  Max Mhz: 2000, Current Mhz: 2000, Mhz Limit: 2000
Processor Information for processor 2
  Max Mhz: 2000, Current Mhz: 2000, Mhz Limit: 2000
Processor Information for processor 3
  Max Mhz: 2000, Current Mhz: 2000, Mhz Limit: 2000
Processor Information for processor 4
  Max Mhz: 2000, Current Mhz: 2000, Mhz Limit: 2000
Processor Information for processor 5
  Max Mhz: 2000, Current Mhz: 2000, Mhz Limit: 2000
Processor Information for processor 6
  Max Mhz: 2000, Current Mhz: 2000, Mhz Limit: 2000
Processor Information for processor 7
  Max Mhz: 2000, Current Mhz: 2000, Mhz Limit: 2000
Processor Information for processor 8
  Max Mhz: 2000, Current Mhz: 1500, Mhz Limit: 1500
Processor Information for processor 9
  Max Mhz: 2000, Current Mhz: 1500, Mhz Limit: 1500
Processor Information for processor 10
  Max Mhz: 2000, Current Mhz: 1500, Mhz Limit: 1500
Processor Information for processor 11
  Max Mhz: 2000, Current Mhz: 1500, Mhz Limit: 1500

Memory: 4k page, system-wide physical 16104M (366M free)
TotalPageFile size 21479M (AvailPageFile size 79M)
current process WorkingSet (physical memory assigned to process): 99M, peak: 99M
current process commit charge ("private bytes"): 250M, peak: 250M

vm_info: OpenJDK 64-Bit Server VM (21.0.8+9-LTS) for windows-amd64 JRE (21.0.8+9-LTS), built on 2025-07-15T00:00:00Z by "admin" with MS VC++ 17.7 (VS2022)

END.
